c:\users\yukii\desktop\2023车流量统计\拓展实验源程序\x64\debug\big.pch
c:\users\yukii\desktop\2023车流量统计\拓展实验源程序\x64\debug\vc143.pdb
c:\users\yukii\desktop\2023车流量统计\拓展实验源程序\x64\debug\vc143.idb
c:\users\yukii\desktop\2023车流量统计\拓展实验源程序\x64\debug\pch.obj
c:\users\yukii\desktop\2023车流量统计\拓展实验源程序\x64\debug\bigdlg.obj
c:\users\yukii\desktop\2023车流量统计\拓展实验源程序\x64\debug\big.obj
c:\users\yukii\desktop\2023车流量统计\拓展实验源程序\x64\debug\big.exe
c:\users\yukii\desktop\2023车流量统计\拓展实验源程序\x64\debug\big.ilk
c:\users\yukii\desktop\2023车流量统计\拓展实验源程序\x64\debug\big.pdb
c:\users\yukii\desktop\2023车流量统计\拓展实验源程序\x64\debug\big.res
c:\users\yukii\desktop\2023车流量统计\拓展实验源程序\x64\debug\big.tlog\cl.command.1.tlog
c:\users\yukii\desktop\2023车流量统计\拓展实验源程序\x64\debug\big.tlog\cl.items.tlog
c:\users\yukii\desktop\2023车流量统计\拓展实验源程序\x64\debug\big.tlog\cl.read.1.tlog
c:\users\yukii\desktop\2023车流量统计\拓展实验源程序\x64\debug\big.tlog\cl.write.1.tlog
c:\users\yukii\desktop\2023车流量统计\拓展实验源程序\x64\debug\big.tlog\link.command.1.tlog
c:\users\yukii\desktop\2023车流量统计\拓展实验源程序\x64\debug\big.tlog\link.read.1.tlog
c:\users\yukii\desktop\2023车流量统计\拓展实验源程序\x64\debug\big.tlog\link.write.1.tlog
c:\users\yukii\desktop\2023车流量统计\拓展实验源程序\x64\debug\big.tlog\rc.command.1.tlog
c:\users\yukii\desktop\2023车流量统计\拓展实验源程序\x64\debug\big.tlog\rc.read.1.tlog
c:\users\yukii\desktop\2023车流量统计\拓展实验源程序\x64\debug\big.tlog\rc.write.1.tlog
